# JRE version: OpenJDK Runtime Environment (11.0.15) (build 11.0.15+0-b2043.56-9505619)
# Java VM: OpenJDK 64-Bit Server VM (11.0.15+0-b2043.56-9505619, mixed mode, tiered, compressed oops, g1 gc, windows-amd64)
Heap:
 garbage-first heap   total 262144K, used 157120K [0x0000000080000000, 0x0000000100000000)
  region size 1024K, 58 young (59392K), 12 survivors (12288K)
 Metaspace       used 147164K, capacity 152364K, committed 153204K, reserved 1183744K
  class space    used 17465K, capacity 19362K, committed 19712K, reserved 1048576K
GC Heap History (20 events):
Event: 11599.266 GC heap before
{Heap before GC invocations=479 (full 0):
 garbage-first heap   total 262144K, used 126885K [0x0000000080000000, 0x0000000100000000)
  region size 1024K, 31 young (31744K), 2 survivors (2048K)
 Metaspace       used 147099K, capacity 152290K, committed 153204K, reserved 1183744K
  class space    used 17465K, capacity 19362K, committed 19712K, reserved 1048576K
}
Event: 11599.281 GC heap after
{Heap after GC invocations=480 (full 0):
 garbage-first heap   total 262144K, used 103564K [0x0000000080000000, 0x0000000100000000)
  region size 1024K, 6 young (6144K), 6 survivors (6144K)
 Metaspace       used 147099K, capacity 152290K, committed 153204K, reserved 1183744K
  class space    used 17465K, capacity 19362K, committed 19712K, reserved 1048576K
}
Event: 11659.740 GC heap before
{Heap before GC invocations=481 (full 0):
 garbage-first heap   total 262144K, used 209036K [0x0000000080000000, 0x0000000100000000)
  region size 1024K, 98 young (100352K), 6 survivors (6144K)
 Metaspace       used 147128K, capacity 152300K, committed 153204K, reserved 1183744K
  class space    used 17465K, capacity 19362K, committed 19712K, reserved 1048576K
}
Event: 11659.748 GC heap after
{Heap after GC invocations=482 (full 0):
 garbage-first heap   total 262144K, used 108962K [0x0000000080000000, 0x0000000100000000)
  region size 1024K, 10 young (10240K), 10 survivors (10240K)
 Metaspace       used 147128K, capacity 152300K, committed 153204K, reserved 1183744K
  class space    used 17465K, capacity 19362K, committed 19712K, reserved 1048576K
}
Event: 11659.756 GC heap before
{Heap before GC invocations=482 (full 0):
 garbage-first heap   total 262144K, used 111010K [0x0000000080000000, 0x0000000100000000)
  region size 1024K, 12 young (12288K), 10 survivors (10240K)
 Metaspace       used 147128K, capacity 152300K, committed 153204K, reserved 1183744K
  class space    used 17465K, capacity 19362K, committed 19712K, reserved 1048576K
}
Event: 11659.765 GC heap after
{Heap after GC invocations=483 (full 0):
 garbage-first heap   total 262144K, used 101990K [0x0000000080000000, 0x0000000100000000)
  region size 1024K, 2 young (2048K), 2 survivors (2048K)
 Metaspace       used 147128K, capacity 152300K, committed 153204K, reserved 1183744K
  class space    used 17465K, capacity 19362K, committed 19712K, reserved 1048576K
}
Event: 11659.885 GC heap before
{Heap before GC invocations=483 (full 0):
 garbage-first heap   total 262144K, used 121446K [0x0000000080000000, 0x0000000100000000)
  region size 1024K, 23 young (23552K), 2 survivors (2048K)
 Metaspace       used 147128K, capacity 152300K, committed 153204K, reserved 1183744K
  class space    used 17465K, capacity 19362K, committed 19712K, reserved 1048576K
}
Event: 11659.895 GC heap after
{Heap after GC invocations=484 (full 0):
 garbage-first heap   total 262144K, used 103717K [0x0000000080000000, 0x0000000100000000)
  region size 1024K, 4 young (4096K), 4 survivors (4096K)
 Metaspace       used 147128K, capacity 152300K, committed 153204K, reserved 1183744K
  class space    used 17465K, capacity 19362K, committed 19712K, reserved 1048576K
}
Event: 11805.272 GC heap before
{Heap before GC invocations=485 (full 0):
 garbage-first heap   total 262144K, used 215333K [0x0000000080000000, 0x0000000100000000)
  region size 1024K, 102 young (104448K), 4 survivors (4096K)
 Metaspace       used 147143K, capacity 152300K, committed 153204K, reserved 1183744K
  class space    used 17465K, capacity 19362K, committed 19712K, reserved 1048576K
}
Event: 11805.281 GC heap after
{Heap after GC invocations=486 (full 0):
 garbage-first heap   total 262144K, used 110145K [0x0000000080000000, 0x0000000100000000)
  region size 1024K, 8 young (8192K), 8 survivors (8192K)
 Metaspace       used 147143K, capacity 152300K, committed 153204K, reserved 1183744K
  class space    used 17465K, capacity 19362K, committed 19712K, reserved 1048576K
}
Event: 11805.305 GC heap before
{Heap before GC invocations=486 (full 0):
 garbage-first heap   total 262144K, used 113217K [0x0000000080000000, 0x0000000100000000)
  region size 1024K, 12 young (12288K), 8 survivors (8192K)
 Metaspace       used 147143K, capacity 152300K, committed 153204K, reserved 1183744K
  class space    used 17465K, capacity 19362K, committed 19712K, reserved 1048576K
}
Event: 11805.315 GC heap after
{Heap after GC invocations=487 (full 0):
 garbage-first heap   total 262144K, used 101727K [0x0000000080000000, 0x0000000100000000)
  region size 1024K, 1 young (1024K), 1 survivors (1024K)
 Metaspace       used 147143K, capacity 152300K, committed 153204K, reserved 1183744K
  class space    used 17465K, capacity 19362K, committed 19712K, reserved 1048576K
}
Event: 11805.469 GC heap before
{Heap before GC invocations=487 (full 0):
 garbage-first heap   total 262144K, used 116063K [0x0000000080000000, 0x0000000100000000)
  region size 1024K, 17 young (17408K), 1 survivors (1024K)
 Metaspace       used 147143K, capacity 152300K, committed 153204K, reserved 1183744K
  class space    used 17465K, capacity 19362K, committed 19712K, reserved 1048576K
}
Event: 11805.476 GC heap after
{Heap after GC invocations=488 (full 0):
 garbage-first heap   total 262144K, used 103645K [0x0000000080000000, 0x0000000100000000)
  region size 1024K, 3 young (3072K), 3 survivors (3072K)
 Metaspace       used 147143K, capacity 152300K, committed 153204K, reserved 1183744K
  class space    used 17465K, capacity 19362K, committed 19712K, reserved 1048576K
}
Event: 11863.612 GC heap before
{Heap before GC invocations=489 (full 0):
 garbage-first heap   total 262144K, used 200925K [0x0000000080000000, 0x0000000100000000)
  region size 1024K, 87 young (89088K), 3 survivors (3072K)
 Metaspace       used 147153K, capacity 152300K, committed 153204K, reserved 1183744K
  class space    used 17465K, capacity 19362K, committed 19712K, reserved 1048576K
}
Event: 11863.616 GC heap after
{Heap after GC invocations=490 (full 0):
 garbage-first heap   total 262144K, used 107446K [0x0000000080000000, 0x0000000100000000)
  region size 1024K, 5 young (5120K), 5 survivors (5120K)
 Metaspace       used 147153K, capacity 152300K, committed 153204K, reserved 1183744K
  class space    used 17465K, capacity 19362K, committed 19712K, reserved 1048576K
}
Event: 11863.645 GC heap before
{Heap before GC invocations=490 (full 0):
 garbage-first heap   total 262144K, used 113590K [0x0000000080000000, 0x0000000100000000)
  region size 1024K, 12 young (12288K), 5 survivors (5120K)
 Metaspace       used 147154K, capacity 152300K, committed 153204K, reserved 1183744K
  class space    used 17465K, capacity 19362K, committed 19712K, reserved 1048576K
}
Event: 11863.652 GC heap after
{Heap after GC invocations=491 (full 0):
 garbage-first heap   total 262144K, used 100397K [0x0000000080000000, 0x0000000100000000)
  region size 1024K, 2 young (2048K), 2 survivors (2048K)
 Metaspace       used 147154K, capacity 152300K, committed 153204K, reserved 1183744K
  class space    used 17465K, capacity 19362K, committed 19712K, reserved 1048576K
}
Event: 11912.776 GC heap before
{Heap before GC invocations=491 (full 0):
 garbage-first heap   total 262144K, used 178221K [0x0000000080000000, 0x0000000100000000)
  region size 1024K, 80 young (81920K), 2 survivors (2048K)
 Metaspace       used 147162K, capacity 152364K, committed 153204K, reserved 1183744K
  class space    used 17465K, capacity 19362K, committed 19712K, reserved 1048576K
}
Event: 11912.789 GC heap after
{Heap after GC invocations=492 (full 0):
 garbage-first heap   total 262144K, used 110016K [0x0000000080000000, 0x0000000100000000)
  region size 1024K, 12 young (12288K), 12 survivors (12288K)
 Metaspace       used 147162K, capacity 152364K, committed 153204K, reserved 1183744K
  class space    used 17465K, capacity 19362K, committed 19712K, reserved 1048576K
}

